[2025-05-05T11:50:03.204+0000] {local_task_job_runner.py:120} INFO - ::group::Pre task execution logs
[2025-05-05T11:50:03.225+0000] {taskinstance.py:2073} INFO - Dependencies all met for dep_context=non-requeueable deps ti=<TaskInstance: test_dependencies.test_imports manual__2025-05-05T11:50:01.529867+00:00 [queued]>
[2025-05-05T11:50:03.235+0000] {taskinstance.py:2073} INFO - Dependencies all met for dep_context=requeueable deps ti=<TaskInstance: test_dependencies.test_imports manual__2025-05-05T11:50:01.529867+00:00 [queued]>
[2025-05-05T11:50:03.251+0000] {taskinstance.py:2303} INFO - Starting attempt 1 of 1
[2025-05-05T11:50:03.264+0000] {taskinstance.py:2327} INFO - Executing <Task(PythonOperator): test_imports> on 2025-05-05 11:50:01.529867+00:00
[2025-05-05T11:50:03.269+0000] {standard_task_runner.py:63} INFO - Started process 61 to run task
[2025-05-05T11:50:03.272+0000] {standard_task_runner.py:90} INFO - Running: ['***', 'tasks', 'run', 'test_dependencies', 'test_imports', 'manual__2025-05-05T11:50:01.529867+00:00', '--job-id', '2', '--raw', '--subdir', 'DAGS_FOLDER/test_dependencies.py', '--cfg-path', '/tmp/tmp_gweae7l']
[2025-05-05T11:50:03.277+0000] {standard_task_runner.py:91} INFO - Job 2: Subtask test_imports
[2025-05-05T11:50:03.294+0000] {warnings.py:109} WARNING - /home/***/.local/lib/python3.10/site-packages/***/settings.py:195: DeprecationWarning: The sql_alchemy_conn option in [core] has been moved to the sql_alchemy_conn option in [database] - the old setting has been used, but please update your config.
  SQL_ALCHEMY_CONN = conf.get("database", "SQL_ALCHEMY_CONN")

[2025-05-05T11:50:03.325+0000] {task_command.py:426} INFO - Running <TaskInstance: test_dependencies.test_imports manual__2025-05-05T11:50:01.529867+00:00 [running]> on host efc18eb60e9f
[2025-05-05T11:50:03.386+0000] {taskinstance.py:2644} INFO - Exporting env vars: AIRFLOW_CTX_DAG_OWNER='***' AIRFLOW_CTX_DAG_ID='test_dependencies' AIRFLOW_CTX_TASK_ID='test_imports' AIRFLOW_CTX_EXECUTION_DATE='2025-05-05T11:50:01.529867+00:00' AIRFLOW_CTX_TRY_NUMBER='1' AIRFLOW_CTX_DAG_RUN_ID='manual__2025-05-05T11:50:01.529867+00:00'
[2025-05-05T11:50:03.387+0000] {taskinstance.py:430} INFO - ::endgroup::
[2025-05-05T11:50:04.394+0000] {taskinstance.py:441} INFO - ::group::Post task execution logs
[2025-05-05T11:50:04.395+0000] {taskinstance.py:2890} ERROR - Task failed with exception
Traceback (most recent call last):
  File "/home/airflow/.local/lib/python3.10/site-packages/airflow/models/taskinstance.py", line 465, in _execute_task
    result = _execute_callable(context=context, **execute_callable_kwargs)
  File "/home/airflow/.local/lib/python3.10/site-packages/airflow/models/taskinstance.py", line 432, in _execute_callable
    return execute_callable(context=context, **execute_callable_kwargs)
  File "/home/airflow/.local/lib/python3.10/site-packages/airflow/models/baseoperator.py", line 400, in wrapper
    return func(self, *args, **kwargs)
  File "/home/airflow/.local/lib/python3.10/site-packages/airflow/operators/python.py", line 235, in execute
    return_value = self.execute_callable()
  File "/home/airflow/.local/lib/python3.10/site-packages/airflow/operators/python.py", line 252, in execute_callable
    return self.python_callable(*self.op_args, **self.op_kwargs)
  File "/opt/airflow/dags/test_dependencies.py", line 30, in test_imports
    import s3fs
ModuleNotFoundError: No module named 's3fs'
[2025-05-05T11:50:04.411+0000] {taskinstance.py:1205} INFO - Marking task as FAILED. dag_id=test_dependencies, task_id=test_imports, execution_date=20250505T115001, start_date=20250505T115003, end_date=20250505T115004
[2025-05-05T11:50:04.427+0000] {standard_task_runner.py:110} ERROR - Failed to execute job 2 for task test_imports (No module named 's3fs'; 61)
[2025-05-05T11:50:04.450+0000] {local_task_job_runner.py:240} INFO - Task exited with return code 1
[2025-05-05T11:50:04.473+0000] {taskinstance.py:3482} INFO - 0 downstream tasks scheduled from follow-on schedule check
[2025-05-05T11:50:04.477+0000] {local_task_job_runner.py:222} INFO - ::endgroup::
